2022-08-11 20:26:040618
The function "flatten_many_nested" was called,
with arguments: ([[[['we', 'all'], ['live', 'in']], [['the', 'yellow'], ['submarine', 'yellow', 'submarine']]], [[['we', 'all'], ['live', 'in']], [['the', 'yellow'], ['submarine', 'yellow', 'submarine']]]],){},
('we', 'all', 'live', 'in', 'the', 'yellow', 'submarine', 'yellow', 'submarine', 'we', 'all', 'live', 'in', 'the', 'yellow', 'submarine', 'yellow', 'submarine') was returned.
---------
2022-08-11 21:04:278818
The function "flatten_many_nested" was called,
with arguments: ([[[['we', 'all'], ['live', 'in']], [['the', 'yellow'], ['submarine', 'yellow', 'submarine']]], [[['we', 'all'], ['live', 'in']], [['the', 'yellow'], ['submarine', 'yellow', 'submarine']]]],){},
('we', 'all', 'live', 'in', 'the', 'yellow', 'submarine', 'yellow', 'submarine', 'we', 'all', 'live', 'in', 'the', 'yellow', 'submarine', 'yellow', 'submarine') was returned.
---------
2022-08-11 21:17:139516
The function "flatten_many_nested" was called,
with arguments: ([[[['we', 'all'], ['live', 'in']], [['the', 'yellow'], ['submarine', 'yellow', 'submarine']]], [[['we', 'all'], ['live', 'in']], [['the', 'yellow'], ['submarine', 'yellow', 'submarine']]]],){},
('we', 'all', 'live', 'in', 'the', 'yellow', 'submarine', 'yellow', 'submarine', 'we', 'all', 'live', 'in', 'the', 'yellow', 'submarine', 'yellow', 'submarine') was returned.
---------
2022-08-11 21:27:208841
The function "flatten_many_nested" was called,
with arguments: ([[[['we', 'all'], ['live', 'in']], [['the', 'yellow'], ['submarine', 'yellow', 'submarine']]], [[['we', 'all'], ['live', 'in']], [['the', 'yellow'], ['submarine', 'yellow', 'submarine']]]],){},
('we', 'all', 'live', 'in', 'the', 'yellow', 'submarine', 'yellow', 'submarine', 'we', 'all', 'live', 'in', 'the', 'yellow', 'submarine', 'yellow', 'submarine') was returned.
---------
2022-08-11 21:35:295387
The function "flatten_many_nested" was called,
with arguments: ([[[['we', 'all'], ['live', 'in']], [['the', 'yellow'], ['submarine', 'yellow', 'submarine']]], [[['we', 'all'], ['live', 'in']], [['the', 'yellow'], ['submarine', 'yellow', 'submarine']]]],){},
('we', 'all', 'live', 'in', 'the', 'yellow', 'submarine', 'yellow', 'submarine', 'we', 'all', 'live', 'in', 'the', 'yellow', 'submarine', 'yellow', 'submarine') was returned.
************************
2022-08-11 21:29:414830
The function "flatten_many_nested" was called,
with arguments: ([[[['we', 'all'], ['live', 'in']], [['the', 'yellow'], ['submarine', 'yellow', 'submarine']]], [[['we', 'all'], ['live', 'in']], [['the', 'yellow'], ['submarine', 'yellow', 'submarine']]]],){},
('we', 'all', 'live', 'in', 'the', 'yellow', 'submarine', 'yellow', 'submarine', 'we', 'all', 'live', 'in', 'the', 'yellow', 'submarine', 'yellow', 'submarine') was returned.
************************
2022-08-11 21:53:909527
The function "flatten_many_nested" was called,
with arguments: ([[[['we', 'all'], ['live', 'in']], [['the', 'yellow'], ['submarine', 'yellow', 'submarine']]], [[['we', 'all'], ['live', 'in']], [['the', 'yellow'], ['submarine', 'yellow', 'submarine']]]],){},
('we', 'all', 'live', 'in', 'the', 'yellow', 'submarine', 'yellow', 'submarine', 'we', 'all', 'live', 'in', 'the', 'yellow', 'submarine', 'yellow', 'submarine') was returned.
************************
2022-08-11 21:56:795155
The function "flatten_many_nested" was called,
with arguments: ([[[['we', 'all'], ['live', 'in']], [['the', 'yellow'], ['submarine', 'yellow', 'submarine']]], [[['we', 'all'], ['live', 'in']], [['the', 'yellow'], ['submarine', 'yellow', 'submarine']]]],){},
('we', 'all', 'live', 'in', 'the', 'yellow', 'submarine', 'yellow', 'submarine', 'we', 'all', 'live', 'in', 'the', 'yellow', 'submarine', 'yellow', 'submarine') was returned.
************************
2022-08-11 21:17:487882
The function name: flatten_many_nested,
arguments: ([[[['we', 'all'], ['live', 'in']], [['the', 'yellow'], ['submarine', 'yellow', 'submarine']]], [[['we', 'all'], ['live', 'in']], [['the', 'yellow'], ['submarine', 'yellow', 'submarine']]]],){},
Results('we', 'all', 'live', 'in', 'the', 'yellow', 'submarine', 'yellow', 'submarine', 'we', 'all', 'live', 'in', 'the', 'yellow', 'submarine', 'yellow', 'submarine')
************************
